#
# A fatal error has been detected by the Java Runtime Environment:
#
#  EXCEPTION_ACCESS_VIOLATION (0xc0000005) at pc=0x00007ffa4dc880b3, pid=5872, tid=11988
#
# JRE version: Java(TM) SE Runtime Environment 18.9 (11.0.17+10) (build 11.0.17+10-LTS-269)
# Java VM: Java HotSpot(TM) 64-Bit Server VM 18.9 (11.0.17+10-LTS-269, mixed mode, tiered, compressed oops, g1 gc, windows-amd64)
# Problematic frame:
# V  [jvm.dll+0x6180b3]
#
# No core dump will be written. Minidumps are not enabled by default on client versions of Windows
#
# If you would like to submit a bug report, please visit:
#   https://bugreport.java.com/bugreport/crash.jsp
#

---------------  S U M M A R Y ------------

Command Line: -agentlib:jdwp=transport=dt_socket,server=n,suspend=y,address=127.0.0.1:52689 -Xverify:none -XX:TieredStopAtLevel=1 -Dfile.encoding=windows-1252 -Duser.country=419 -Duser.language=es -Duser.variant com.mindhub.App.Homebanking.AppHomebankingApplication

Host: AMD Ryzen 5 4600G with Radeon Graphics, 12 cores, 15G,  Windows 10 , 64 bit Build 19041 (10.0.19041.3031)
Time: Mon Jul  3 11:25:40 2023 Hora estándar de Argentina elapsed time: 3.427287 seconds (0d 0h 0m 3s)

---------------  T H R E A D  ---------------

Current thread (0x00000287e89b6000):  JavaThread "main" [_thread_in_vm, id=11988, stack(0x000000eced500000,0x000000eced600000)]

Stack: [0x000000eced500000,0x000000eced600000],  sp=0x000000eced5fddb8,  free space=1015k
Native frames: (J=compiled Java code, j=interpreted, Vv=VM code, C=native code)
V  [jvm.dll+0x6180b3]

Java frames: (J=compiled Java code, j=interpreted, Vv=VM code)
J 769  java.lang.Class.isAssignableFrom(Ljava/lang/Class;)Z java.base@11.0.17 (0 bytes) @ 0x00000287f08e1d7f [0x00000287f08e1d20+0x000000000000005f]
J 2725 c1 org.springframework.beans.factory.support.AbstractBeanFactory.isTypeMatch(Ljava/lang/String;Lorg/springframework/core/ResolvableType;Z)Z (607 bytes) @ 0x00000287f0c0da6c [0x00000287f0c0d220+0x000000000000084c]
J 2819 c1 org.springframework.beans.factory.support.DefaultListableBeanFactory.doGetBeanNamesForType(Lorg/springframework/core/ResolvableType;ZZ)[Ljava/lang/String; (528 bytes) @ 0x00000287f0c4f444 [0x00000287f0c4ee60+0x00000000000005e4]
j  org.springframework.beans.factory.support.DefaultListableBeanFactory.getBeanNamesForType(Ljava/lang/Class;ZZ)[Ljava/lang/String;+71
j  org.springframework.beans.factory.BeanFactoryUtils.beanNamesForTypeIncludingAncestors(Lorg/springframework/beans/factory/ListableBeanFactory;Ljava/lang/Class;ZZ)[Ljava/lang/String;+10
j  org.springframework.beans.factory.support.DefaultListableBeanFactory.findAutowireCandidates(Ljava/lang/String;Ljava/lang/Class;Lorg/springframework/beans/factory/config/DependencyDescriptor;)Ljava/util/Map;+7
j  org.springframework.beans.factory.support.DefaultListableBeanFactory.doResolveDependency(Lorg/springframework/beans/factory/config/DependencyDescriptor;Ljava/lang/String;Ljava/util/Set;Lorg/springframework/beans/TypeConverter;)Ljava/lang/Object;+235
j  org.springframework.beans.factory.support.DefaultListableBeanFactory.resolveDependency(Lorg/springframework/beans/factory/config/DependencyDescriptor;Ljava/lang/String;Ljava/util/Set;Lorg/springframework/beans/TypeConverter;)Ljava/lang/Object;+108
j  org.springframework.beans.factory.annotation.AutowiredAnnotationBeanPostProcessor$AutowiredFieldElement.resolveFieldValue(Ljava/lang/reflect/Field;Ljava/lang/Object;Ljava/lang/String;)Ljava/lang/Object;+81
j  org.springframework.beans.factory.annotation.AutowiredAnnotationBeanPostProcessor$AutowiredFieldElement.inject(Ljava/lang/Object;Ljava/lang/String;Lorg/springframework/beans/PropertyValues;)V+53
j  org.springframework.beans.factory.annotation.InjectionMetadata.inject(Ljava/lang/Object;Ljava/lang/String;Lorg/springframework/beans/PropertyValues;)V+68
j  org.springframework.beans.factory.annotation.AutowiredAnnotationBeanPostProcessor.postProcessProperties(Lorg/springframework/beans/PropertyValues;Ljava/lang/Object;Ljava/lang/String;)Lorg/springframework/beans/PropertyValues;+17
j  org.springframework.beans.factory.support.AbstractAutowireCapableBeanFactory.populateBean(Ljava/lang/String;Lorg/springframework/beans/factory/support/RootBeanDefinition;Lorg/springframework/beans/BeanWrapper;)V+265
j  org.springframework.beans.factory.support.AbstractAutowireCapableBeanFactory.doCreateBean(Ljava/lang/String;Lorg/springframework/beans/factory/support/RootBeanDefinition;[Ljava/lang/Object;)Ljava/lang/Object;+237
j  org.springframework.beans.factory.support.AbstractAutowireCapableBeanFactory.createBean(Ljava/lang/String;Lorg/springframework/beans/factory/support/RootBeanDefinition;[Ljava/lang/Object;)Ljava/lang/Object;+169
j  org.springframework.beans.factory.support.AbstractBeanFactory.lambda$doGetBean$0(Ljava/lang/String;Lorg/springframework/beans/factory/support/RootBeanDefinition;[Ljava/lang/Object;)Ljava/lang/Object;+4
j  org.springframework.beans.factory.support.AbstractBeanFactory$$Lambda$259.getObject()Ljava/lang/Object;+16
j  org.springframework.beans.factory.support.DefaultSingletonBeanRegistry.getSingleton(Ljava/lang/String;Lorg/springframework/beans/factory/ObjectFactory;)Ljava/lang/Object;+132
J 2792 c1 org.springframework.beans.factory.support.AbstractBeanFactory.doGetBean(Ljava/lang/String;Ljava/lang/Class;[Ljava/lang/Object;Z)Ljava/lang/Object; (832 bytes) @ 0x00000287f0c357f4 [0x00000287f0c35160+0x0000000000000694]
j  org.springframework.beans.factory.support.AbstractBeanFactory.getBean(Ljava/lang/String;)Ljava/lang/Object;+5
j  org.springframework.beans.factory.support.DefaultListableBeanFactory.preInstantiateSingletons()V+248
j  org.springframework.context.support.AbstractApplicationContext.finishBeanFactoryInitialization(Lorg/springframework/beans/factory/config/ConfigurableListableBeanFactory;)V+124
j  org.springframework.context.support.AbstractApplicationContext.refresh()V+86
j  org.springframework.boot.web.servlet.context.ServletWebServerApplicationContext.refresh()V+1
j  org.springframework.boot.SpringApplication.refresh(Lorg/springframework/context/ConfigurableApplicationContext;)V+1
j  org.springframework.boot.SpringApplication.refreshContext(Lorg/springframework/context/ConfigurableApplicationContext;)V+16
j  org.springframework.boot.SpringApplication.run([Ljava/lang/String;)Lorg/springframework/context/ConfigurableApplicationContext;+107
j  org.springframework.boot.SpringApplication.run([Ljava/lang/Class;[Ljava/lang/String;)Lorg/springframework/context/ConfigurableApplicationContext;+9
j  org.springframework.boot.SpringApplication.run(Ljava/lang/Class;[Ljava/lang/String;)Lorg/springframework/context/ConfigurableApplicationContext;+9
j  com.mindhub.App.Homebanking.AppHomebankingApplication.main([Ljava/lang/String;)V+3
v  ~StubRoutines::call_stub

siginfo: EXCEPTION_ACCESS_VIOLATION (0xc0000005), reading address 0x0000000509efd978


Register to memory mapping:

RIP=0x00007ffa4dc880b3 jvm.dll
RAX=0x0000000000000050 is an unknown value
RBX=0x00000287e89b6000 is a thread
RCX=0x0000000509efd928 is an unknown value
RDX=0x0000000000000050 is an unknown value
RSP=0x000000eced5fddb8 is pointing into the stack for thread: 0x00000287e89b6000
RBP=0x000000eced5fde00 is pointing into the stack for thread: 0x00000287e89b6000
RSI=0x0000000509efd928 is an unknown value
RDI=0x0000000709d918b0 is an oop: java.lang.Class 
{0x0000000709d918b0} - klass: 'java/lang/Class'
R8 =0x000000eced5fde50 is pointing into the stack for thread: 0x00000287e89b6000
R9 =0x000000eced5fde58 is pointing into the stack for thread: 0x00000287e89b6000
R10=0x00007ffa4d6414ac java.dll
R11=0x0000000000000360 is an unknown value
R12=0x0 is NULL
R13=0x0000000709e7f048 is an oop: java.lang.Class 
{0x0000000709e7f048} - klass: 'java/lang/Class'
R14=0x00000287e89b6000 is a thread
R15=0x00000287e89b6000 is a thread


Registers:
RAX=0x0000000000000050, RBX=0x00000287e89b6000, RCX=0x0000000509efd928, RDX=0x0000000000000050
RSP=0x000000eced5fddb8, RBP=0x000000eced5fde00, RSI=0x0000000509efd928, RDI=0x0000000709d918b0
R8 =0x000000eced5fde50, R9 =0x000000eced5fde58, R10=0x00007ffa4d6414ac, R11=0x0000000000000360
R12=0x0000000000000000, R13=0x0000000709e7f048, R14=0x00000287e89b6000, R15=0x00000287e89b6000
RIP=0x00007ffa4dc880b3, EFLAGS=0x0000000000010206

Top of Stack: (sp=0x000000eced5fddb8)
0x000000eced5fddb8:   00007ffa4d9dbd1f 0000000500000002
0x000000eced5fddc8:   0000000709ddaaa8 0000000710e97dc0
0x000000eced5fddd8:   0000000709f8dd00 000000eced5fde50
0x000000eced5fdde8:   00007ffa4da17394 00000287e89b6000
0x000000eced5fddf8:   00000287f0b9491c 000000eced5fe2c8
0x000000eced5fde08:   00000287f0b8921c 0000000710c46868
0x000000eced5fde18:   0000000710ddf578 0000000509efd928
0x000000eced5fde28:   00000287f08e1e1b 00000287e89b6000
0x000000eced5fde38:   000002878e6acf78 000000eced5fde90
0x000000eced5fde48:   000000071b38cc48 0000000709d918b0
0x000000eced5fde58:   0000000509efd928 0000000700000000
0x000000eced5fde68:   000000071b38cc60 0000000710e99868
0x000000eced5fde78:   0000000000000000 0000000000013b68
0x000000eced5fde88:   000000071b38cc48 000000eced5fe2c8
0x000000eced5fde98:   00000287f0c0da6c 000000071b38cc5c
0x000000eced5fdea8:   0000000710fa5000 0000000710fa5068 

Instructions: (pc=0x00007ffa4dc880b3)
0x00007ffa4dc88093:   83 ec 20 48 8b d9 48 8b 49 18 e8 fe 5d 00 00 48
0x00007ffa4dc880a3:   8b 4b 20 48 83 c4 20 5b e9 f0 5d 00 00 48 63 c2
0x00007ffa4dc880b3:   48 8b 04 08 c3 cc cc cc cc cc cc cc cc 48 63 c2
0x00007ffa4dc880c3:   4c 89 04 08 c3 cc cc cc cc cc cc cc cc 48 63 c2 


Stack slot to memory mapping:
stack at sp + 0 slots: 0x00007ffa4d9dbd1f jvm.dll
stack at sp + 1 slots: 0x0000000500000002 is an unknown value
stack at sp + 2 slots: 0x0000000709ddaaa8 is an oop: java.lang.String 
{0x0000000709ddaaa8} - klass: 'java/lang/String'
stack at sp + 3 slots: 0x0000000710e97dc0 is an oop: org.springframework.aop.aspectj.annotation.AnnotationAwareAspectJAutoProxyCreator 
{0x0000000710e97dc0} - klass: 'org/springframework/aop/aspectj/annotation/AnnotationAwareAspectJAutoProxyCreator'
stack at sp + 4 slots: 0x0000000709f8dd00 is an oop: org.springframework.beans.factory.support.AbstractBeanFactory$BeanPostProcessorCacheAwareList 
{0x0000000709f8dd00} - klass: 'org/springframework/beans/factory/support/AbstractBeanFactory$BeanPostProcessorCacheAwareList'
stack at sp + 5 slots: 0x000000eced5fde50 is pointing into the stack for thread: 0x00000287e89b6000
stack at sp + 6 slots: 0x00007ffa4da17394 jvm.dll
stack at sp + 7 slots: 0x00000287e89b6000 is a thread


---------------  P R O C E S S  ---------------

Threads class SMR info:
_java_thread_list=0x000002878d5922b0, length=17, elements={
0x00000287e89b6000, 0x000002878b66d800, 0x000002878b664000, 0x000002878b67a800,
0x000002878b67c800, 0x000002878bf65000, 0x000002878bf88800, 0x000002878bf8f800,
0x000002878c0e2000, 0x000002878c0f9800, 0x000002878c100800, 0x000002878c072800,
0x000002878c071800, 0x000002878c076800, 0x000002878c070800, 0x000002878c077000,
0x000002878c073000
}

Java Threads: ( => current thread )
=>0x00000287e89b6000 JavaThread "main" [_thread_in_vm, id=11988, stack(0x000000eced500000,0x000000eced600000)]
  0x000002878b66d800 JavaThread "Reference Handler" daemon [_thread_blocked, id=13856, stack(0x000000ecedc00000,0x000000ecedd00000)]
  0x000002878b664000 JavaThread "Finalizer" daemon [_thread_blocked, id=15588, stack(0x000000ecedd00000,0x000000ecede00000)]
  0x000002878b67a800 JavaThread "Signal Dispatcher" daemon [_thread_blocked, id=6416, stack(0x000000ecede00000,0x000000ecedf00000)]
  0x000002878b67c800 JavaThread "Attach Listener" daemon [_thread_blocked, id=9580, stack(0x000000ecedf00000,0x000000ecee000000)]
  0x000002878bf65000 JavaThread "Service Thread" daemon [_thread_blocked, id=11936, stack(0x000000ecee000000,0x000000ecee100000)]
  0x000002878bf88800 JavaThread "C1 CompilerThread0" daemon [_thread_blocked, id=13628, stack(0x000000ecee100000,0x000000ecee200000)]
  0x000002878bf8f800 JavaThread "Sweeper thread" daemon [_thread_blocked, id=3856, stack(0x000000ecee200000,0x000000ecee300000)]
  0x000002878c0e2000 JavaThread "JDWP Transport Listener: dt_socket" daemon [_thread_blocked, id=13692, stack(0x000000ecee300000,0x000000ecee400000)]
  0x000002878c0f9800 JavaThread "JDWP Event Helper Thread" daemon [_thread_blocked, id=15740, stack(0x000000ecee400000,0x000000ecee500000)]
  0x000002878c100800 JavaThread "JDWP Command Reader" daemon [_thread_in_native, id=6000, stack(0x000000ecee500000,0x000000ecee600000)]
  0x000002878c072800 JavaThread "Common-Cleaner" daemon [_thread_blocked, id=14496, stack(0x000000ecee700000,0x000000ecee800000)]
  0x000002878c071800 JavaThread "HikariPool-1 housekeeper" daemon [_thread_blocked, id=14188, stack(0x000000eceee00000,0x000000eceef00000)]
  0x000002878c076800 JavaThread "HikariPool-1 connection adder" daemon [_thread_blocked, id=10168, stack(0x000000eceef00000,0x000000ecef000000)]
  0x000002878c070800 JavaThread "Catalina-utility-1" [_thread_blocked, id=7544, stack(0x000000ecef000000,0x000000ecef100000)]
  0x000002878c077000 JavaThread "Catalina-utility-2" [_thread_blocked, id=1364, stack(0x000000ecef100000,0x000000ecef200000)]
  0x000002878c073000 JavaThread "container-0" [_thread_blocked, id=14160, stack(0x000000ecef200000,0x000000ecef300000)]

Other Threads:
  0x000002878b65b000 VMThread "VM Thread" [stack: 0x000000ecedb00000,0x000000ecedc00000] [id=15852]
  0x000002878c10c800 WatcherThread [stack: 0x000000ecee600000,0x000000ecee700000] [id=9072]
  0x00000287e89ca000 GCTaskThread "GC Thread#0" [stack: 0x000000eced600000,0x000000eced700000] [id=16236]
  0x000002878caa1800 GCTaskThread "GC Thread#1" [stack: 0x000000ecee800000,0x000000ecee900000] [id=8724]
  0x000002878caa2800 GCTaskThread "GC Thread#2" [stack: 0x000000ecee900000,0x000000eceea00000] [id=14720]
  0x000002878caa3000 GCTaskThread "GC Thread#3" [stack: 0x000000eceea00000,0x000000eceeb00000] [id=3320]
  0x000002878caa4800 GCTaskThread "GC Thread#4" [stack: 0x000000eceeb00000,0x000000eceec00000] [id=8652]
  0x000002878d71a000 GCTaskThread "GC Thread#5" [stack: 0x000000ecef300000,0x000000ecef400000] [id=11012]
  0x000002878d713800 GCTaskThread "GC Thread#6" [stack: 0x000000ecef400000,0x000000ecef500000] [id=11112]
  0x000002878d715000 GCTaskThread "GC Thread#7" [stack: 0x000000ecef500000,0x000000ecef600000] [id=11680]
  0x00000287e8a22000 ConcurrentGCThread "G1 Main Marker" [stack: 0x000000eced700000,0x000000eced800000] [id=172]
  0x00000287e8a25800 ConcurrentGCThread "G1 Conc#0" [stack: 0x000000eced800000,0x000000eced900000] [id=5852]
  0x000002878d35e800 ConcurrentGCThread "G1 Conc#1" [stack: 0x000000eceec00000,0x000000eceed00000] [id=11332]
  0x000002878d719800 ConcurrentGCThread "G1 Conc#2" [stack: 0x000000eceed00000,0x000000eceee00000] [id=5552]
  0x000002878b52e800 ConcurrentGCThread "G1 Refine#0" [stack: 0x000000eced900000,0x000000eceda00000] [id=4800]
  0x000002878b532800 ConcurrentGCThread "G1 Young RemSet Sampling" [stack: 0x000000eceda00000,0x000000ecedb00000] [id=6476]

Threads with active compile tasks:

VM state:not at safepoint (normal execution)

VM Mutex/Monitor currently owned by a thread: None

Heap address: 0x0000000709600000, size: 3946 MB, Compressed Oops mode: Zero based, Oop shift amount: 3
Narrow klass base: 0x0000000800000000, Narrow klass shift: 0
Compressed class space size: 1073741824 Address: 0x0000000800000000

Heap:
 garbage-first heap   total 305152K, used 33125K [0x0000000709600000, 0x0000000800000000)
  region size 1024K, 23 young (23552K), 10 survivors (10240K)
 Metaspace       used 49545K, capacity 50882K, committed 51152K, reserved 1093632K
  class space    used 6377K, capacity 6918K, committed 7040K, reserved 1048576K
Heap Regions: E=young(eden), S=young(survivor), O=old, HS=humongous(starts), HC=humongous(continues), CS=collection set, F=free, A=archive, TAMS=top-at-mark-start (previous, next)
|   0|0x0000000709600000, 0x0000000709700000, 0x0000000709700000|100%|HS|  |TAMS 0x0000000709700000, 0x0000000709600000| Complete 
|   1|0x0000000709700000, 0x0000000709800000, 0x0000000709800000|100%| O|  |TAMS 0x0000000709800000, 0x0000000709700000| Untracked 
|   2|0x0000000709800000, 0x0000000709900000, 0x0000000709900000|100%| O|  |TAMS 0x0000000709900000, 0x0000000709800000| Untracked 
|   3|0x0000000709900000, 0x0000000709a00000, 0x0000000709a00000|100%| O|  |TAMS 0x0000000709a00000, 0x0000000709900000| Untracked 
|   4|0x0000000709a00000, 0x0000000709b00000, 0x0000000709b00000|100%| O|  |TAMS 0x0000000709b00000, 0x0000000709a00000| Untracked 
|   5|0x0000000709b00000, 0x0000000709c00000, 0x0000000709c00000|100%| O|  |TAMS 0x0000000709c00000, 0x0000000709b00000| Untracked 
|   6|0x0000000709c00000, 0x0000000709d00000, 0x0000000709d00000|100%| O|  |TAMS 0x0000000709c39400, 0x0000000709c00000| Untracked 
|   7|0x0000000709d00000, 0x0000000709e00000, 0x0000000709e00000|100%| O|  |TAMS 0x0000000709d00000, 0x0000000709d00000| Untracked 
|   8|0x0000000709e00000, 0x0000000709f00000, 0x0000000709f00000|100%| O|  |TAMS 0x0000000709e00000, 0x0000000709e00000| Untracked 
|   9|0x0000000709f00000, 0x000000070a000000, 0x000000070a000000|100%| O|  |TAMS 0x0000000709f00000, 0x0000000709f00000| Untracked 
|  10|0x000000070a000000, 0x000000070a059600, 0x000000070a100000| 34%| O|  |TAMS 0x000000070a000000, 0x000000070a000000| Untracked 
|  11|0x000000070a100000, 0x000000070a100000, 0x000000070a200000|  0%| F|  |TAMS 0x000000070a100000, 0x000000070a100000| Untracked 
|  12|0x000000070a200000, 0x000000070a200000, 0x000000070a300000|  0%| F|  |TAMS 0x000000070a200000, 0x000000070a200000| Untracked 
|  13|0x000000070a300000, 0x000000070a300000, 0x000000070a400000|  0%| F|  |TAMS 0x000000070a300000, 0x000000070a300000| Untracked 
|  14|0x000000070a400000, 0x000000070a400000, 0x000000070a500000|  0%| F|  |TAMS 0x000000070a400000, 0x000000070a400000| Untracked 
|  15|0x000000070a500000, 0x000000070a500000, 0x000000070a600000|  0%| F|  |TAMS 0x000000070a500000, 0x000000070a500000| Untracked 
|  16|0x000000070a600000, 0x000000070a600000, 0x000000070a700000|  0%| F|  |TAMS 0x000000070a600000, 0x000000070a600000| Untracked 
|  17|0x000000070a700000, 0x000000070a700000, 0x000000070a800000|  0%| F|  |TAMS 0x000000070a700000, 0x000000070a700000| Untracked 
|  18|0x000000070a800000, 0x000000070a800000, 0x000000070a900000|  0%| F|  |TAMS 0x000000070a800000, 0x000000070a800000| Untracked 
|  19|0x000000070a900000, 0x000000070a900000, 0x000000070aa00000|  0%| F|  |TAMS 0x000000070a900000, 0x000000070a900000| Untracked 
|  20|0x000000070aa00000, 0x000000070aa00000, 0x000000070ab00000|  0%| F|  |TAMS 0x000000070aa00000, 0x000000070aa00000| Untracked 
|  21|0x000000070ab00000, 0x000000070ab00000, 0x000000070ac00000|  0%| F|  |TAMS 0x000000070ab00000, 0x000000070ab00000| Untracked 
|  22|0x000000070ac00000, 0x000000070ac00000, 0x000000070ad00000|  0%| F|  |TAMS 0x000000070ac00000, 0x000000070ac00000| Untracked 
|  23|0x000000070ad00000, 0x000000070ad00000, 0x000000070ae00000|  0%| F|  |TAMS 0x000000070ad00000, 0x000000070ad00000| Untracked 
|  24|0x000000070ae00000, 0x000000070ae00000, 0x000000070af00000|  0%| F|  |TAMS 0x000000070ae00000, 0x000000070ae00000| Untracked 
|  25|0x000000070af00000, 0x000000070af00000, 0x000000070b000000|  0%| F|  |TAMS 0x000000070af00000, 0x000000070af00000| Untracked 
|  26|0x000000070b000000, 0x000000070b000000, 0x000000070b100000|  0%| F|  |TAMS 0x000000070b000000, 0x000000070b000000| Untracked 
|  27|0x000000070b100000, 0x000000070b100000, 0x000000070b200000|  0%| F|  |TAMS 0x000000070b100000, 0x000000070b100000| Untracked 
|  28|0x000000070b200000, 0x000000070b200000, 0x000000070b300000|  0%| F|  |TAMS 0x000000070b200000, 0x000000070b200000| Untracked 
|  29|0x000000070b300000, 0x000000070b300000, 0x000000070b400000|  0%| F|  |TAMS 0x000000070b300000, 0x000000070b300000| Untracked 
|  30|0x000000070b400000, 0x000000070b400000, 0x000000070b500000|  0%| F|  |TAMS 0x000000070b400000, 0x000000070b400000| Untracked 
|  31|0x000000070b500000, 0x000000070b500000, 0x000000070b600000|  0%| F|  |TAMS 0x000000070b500000, 0x000000070b500000| Untracked 
|  32|0x000000070b600000, 0x000000070b600000, 0x000000070b700000|  0%| F|  |TAMS 0x000000070b600000, 0x000000070b600000| Untracked 
|  33|0x000000070b700000, 0x000000070b700000, 0x000000070b800000|  0%| F|  |TAMS 0x000000070b700000, 0x000000070b700000| Untracked 
|  34|0x000000070b800000, 0x000000070b800000, 0x000000070b900000|  0%| F|  |TAMS 0x000000070b800000, 0x000000070b800000| Untracked 
|  35|0x000000070b900000, 0x000000070b900000, 0x000000070ba00000|  0%| F|  |TAMS 0x000000070b900000, 0x000000070b900000| Untracked 
|  36|0x000000070ba00000, 0x000000070ba00000, 0x000000070bb00000|  0%| F|  |TAMS 0x000000070ba00000, 0x000000070ba00000| Untracked 
|  37|0x000000070bb00000, 0x000000070bb00000, 0x000000070bc00000|  0%| F|  |TAMS 0x000000070bb00000, 0x000000070bb00000| Untracked 
|  38|0x000000070bc00000, 0x000000070bc00000, 0x000000070bd00000|  0%| F|  |TAMS 0x000000070bc00000, 0x000000070bc00000| Untracked 
|  39|0x000000070bd00000, 0x000000070bd00000, 0x000000070be00000|  0%| F|  |TAMS 0x000000070bd00000, 0x000000070bd00000| Untracked 
|  40|0x000000070be00000, 0x000000070be00000, 0x000000070bf00000|  0%| F|  |TAMS 0x000000070be00000, 0x000000070be00000| Untracked 
|  41|0x000000070bf00000, 0x000000070bf00000, 0x000000070c000000|  0%| F|  |TAMS 0x000000070bf00000, 0x000000070bf00000| Untracked 
|  42|0x000000070c000000, 0x000000070c000000, 0x000000070c100000|  0%| F|  |TAMS 0x000000070c000000, 0x000000070c000000| Untracked 
|  43|0x000000070c100000, 0x000000070c100000, 0x000000070c200000|  0%| F|  |TAMS 0x000000070c100000, 0x000000070c100000| Untracked 
|  44|0x000000070c200000, 0x000000070c200000, 0x000000070c300000|  0%| F|  |TAMS 0x000000070c200000, 0x000000070c200000| Untracked 
|  45|0x000000070c300000, 0x000000070c300000, 0x000000070c400000|  0%| F|  |TAMS 0x000000070c300000, 0x000000070c300000| Untracked 
|  46|0x000000070c400000, 0x000000070c400000, 0x000000070c500000|  0%| F|  |TAMS 0x000000070c400000, 0x000000070c400000| Untracked 
|  47|0x000000070c500000, 0x000000070c500000, 0x000000070c600000|  0%| F|  |TAMS 0x000000070c500000, 0x000000070c500000| Untracked 
|  48|0x000000070c600000, 0x000000070c600000, 0x000000070c700000|  0%| F|  |TAMS 0x000000070c600000, 0x000000070c600000| Untracked 
|  49|0x000000070c700000, 0x000000070c700000, 0x000000070c800000|  0%| F|  |TAMS 0x000000070c700000, 0x000000070c700000| Untracked 
|  50|0x000000070c800000, 0x000000070c800000, 0x000000070c900000|  0%| F|  |TAMS 0x000000070c800000, 0x000000070c800000| Untracked 
|  51|0x000000070c900000, 0x000000070c900000, 0x000000070ca00000|  0%| F|  |TAMS 0x000000070c900000, 0x000000070c900000| Untracked 
|  52|0x000000070ca00000, 0x000000070ca00000, 0x000000070cb00000|  0%| F|  |TAMS 0x000000070ca00000, 0x000000070ca00000| Untracked 
|  53|0x000000070cb00000, 0x000000070cb00000, 0x000000070cc00000|  0%| F|  |TAMS 0x000000070cb00000, 0x000000070cb00000| Untracked 
|  54|0x000000070cc00000, 0x000000070cc00000, 0x000000070cd00000|  0%| F|  |TAMS 0x000000070cc00000, 0x000000070cc00000| Untracked 
|  55|0x000000070cd00000, 0x000000070cd00000, 0x000000070ce00000|  0%| F|  |TAMS 0x000000070cd00000, 0x000000070cd00000| Untracked 
|  56|0x000000070ce00000, 0x000000070ce00000, 0x000000070cf00000|  0%| F|  |TAMS 0x000000070ce00000, 0x000000070ce00000| Untracked 
|  57|0x000000070cf00000, 0x000000070cf00000, 0x000000070d000000|  0%| F|  |TAMS 0x000000070cf00000, 0x000000070cf00000| Untracked 
|  58|0x000000070d000000, 0x000000070d000000, 0x000000070d100000|  0%| F|  |TAMS 0x000000070d000000, 0x000000070d000000| Untracked 
|  59|0x000000070d100000, 0x000000070d100000, 0x000000070d200000|  0%| F|  |TAMS 0x000000070d100000, 0x000000070d100000| Untracked 
|  60|0x000000070d200000, 0x000000070d200000, 0x000000070d300000|  0%| F|  |TAMS 0x000000070d200000, 0x000000070d200000| Untracked 
|  61|0x000000070d300000, 0x000000070d300000, 0x000000070d400000|  0%| F|  |TAMS 0x000000070d300000, 0x000000070d300000| Untracked 
|  62|0x000000070d400000, 0x000000070d400000, 0x000000070d500000|  0%| F|  |TAMS 0x000000070d400000, 0x000000070d400000| Untracked 
|  63|0x000000070d500000, 0x000000070d500000, 0x000000070d600000|  0%| F|  |TAMS 0x000000070d500000, 0x000000070d500000| Untracked 
|  64|0x000000070d600000, 0x000000070d600000, 0x000000070d700000|  0%| F|  |TAMS 0x000000070d600000, 0x000000070d600000| Untracked 
|  65|0x000000070d700000, 0x000000070d700000, 0x000000070d800000|  0%| F|  |TAMS 0x000000070d700000, 0x000000070d700000| Untracked 
|  66|0x000000070d800000, 0x000000070d800000, 0x000000070d900000|  0%| F|  |TAMS 0x000000070d800000, 0x000000070d800000| Untracked 
|  67|0x000000070d900000, 0x000000070d900000, 0x000000070da00000|  0%| F|  |TAMS 0x000000070d900000, 0x000000070d900000| Untracked 
|  68|0x000000070da00000, 0x000000070da00000, 0x000000070db00000|  0%| F|  |TAMS 0x000000070da00000, 0x000000070da00000| Untracked 
|  69|0x000000070db00000, 0x000000070db00000, 0x000000070dc00000|  0%| F|  |TAMS 0x000000070db00000, 0x000000070db00000| Untracked 
|  70|0x000000070dc00000, 0x000000070dc00000, 0x000000070dd00000|  0%| F|  |TAMS 0x000000070dc00000, 0x000000070dc00000| Untracked 
|  71|0x000000070dd00000, 0x000000070dd00000, 0x000000070de00000|  0%| F|  |TAMS 0x000000070dd00000, 0x000000070dd00000| Untracked 
|  72|0x000000070de00000, 0x000000070de00000, 0x000000070df00000|  0%| F|  |TAMS 0x000000070de00000, 0x000000070de00000| Untracked 
|  73|0x000000070df00000, 0x000000070df00000, 0x000000070e000000|  0%| F|  |TAMS 0x000000070df00000, 0x000000070df00000| Untracked 
|  74|0x000000070e000000, 0x000000070e000000, 0x000000070e100000|  0%| F|  |TAMS 0x000000070e000000, 0x000000070e000000| Untracked 
|  75|0x000000070e100000, 0x000000070e100000, 0x000000070e200000|  0%| F|  |TAMS 0x000000070e100000, 0x000000070e100000| Untracked 
|  76|0x000000070e200000, 0x000000070e200000, 0x000000070e300000|  0%| F|  |TAMS 0x000000070e200000, 0x000000070e200000| Untracked 
|  77|0x000000070e300000, 0x000000070e300000, 0x000000070e400000|  0%| F|  |TAMS 0x000000070e300000, 0x000000070e300000| Untracked 
|  78|0x000000070e400000, 0x000000070e400000, 0x000000070e500000|  0%| F|  |TAMS 0x000000070e400000, 0x000000070e400000| Untracked 
|  79|0x000000070e500000, 0x000000070e500000, 0x000000070e600000|  0%| F|  |TAMS 0x000000070e500000, 0x000000070e500000| Untracked 
|  80|0x000000070e600000, 0x000000070e600000, 0x000000070e700000|  0%| F|  |TAMS 0x000000070e600000, 0x000000070e600000| Untracked 
|  81|0x000000070e700000, 0x000000070e700000, 0x000000070e800000|  0%| F|  |TAMS 0x000000070e700000, 0x000000070e700000| Untracked 
|  82|0x000000070e800000, 0x000000070e800000, 0x000000070e900000|  0%| F|  |TAMS 0x000000070e800000, 0x000000070e800000| Untracked 
|  83|0x000000070e900000, 0x000000070e900000, 0x000000070ea00000|  0%| F|  |TAMS 0x000000070e900000, 0x000000070e900000| Untracked 
|  84|0x000000070ea00000, 0x000000070ea00000, 0x000000070eb00000|  0%| F|  |TAMS 0x000000070ea00000, 0x000000070ea00000| Untracked 
|  85|0x000000070eb00000, 0x000000070eb00000, 0x000000070ec00000|  0%| F|  |TAMS 0x000000070eb00000, 0x000000070eb00000| Untracked 
|  86|0x000000070ec00000, 0x000000070ec00000, 0x000000070ed00000|  0%| F|  |TAMS 0x000000070ec00000, 0x000000070ec00000| Untracked 
|  87|0x000000070ed00000, 0x000000070ed00000, 0x000000070ee00000|  0%| F|  |TAMS 0x000000070ed00000, 0x000000070ed00000| Untracked 
|  88|0x000000070ee00000, 0x000000070ee00000, 0x000000070ef00000|  0%| F|  |TAMS 0x000000070ee00000, 0x000000070ee00000| Untracked 
|  89|0x000000070ef00000, 0x000000070ef00000, 0x000000070f000000|  0%| F|  |TAMS 0x000000070ef00000, 0x000000070ef00000| Untracked 
|  90|0x000000070f000000, 0x000000070f000000, 0x000000070f100000|  0%| F|  |TAMS 0x000000070f000000, 0x000000070f000000| Untracked 
|  91|0x000000070f100000, 0x000000070f100000, 0x000000070f200000|  0%| F|  |TAMS 0x000000070f100000, 0x000000070f100000| Untracked 
|  92|0x000000070f200000, 0x000000070f200000, 0x000000070f300000|  0%| F|  |TAMS 0x000000070f200000, 0x000000070f200000| Untracked 
|  93|0x000000070f300000, 0x000000070f300000, 0x000000070f400000|  0%| F|  |TAMS 0x000000070f300000, 0x000000070f300000| Untracked 
|  94|0x000000070f400000, 0x000000070f400000, 0x000000070f500000|  0%| F|  |TAMS 0x000000070f400000, 0x000000070f400000| Untracked 
|  95|0x000000070f500000, 0x000000070f500000, 0x000000070f600000|  0%| F|  |TAMS 0x000000070f500000, 0x000000070f500000| Untracked 
|  96|0x000000070f600000, 0x000000070f600000, 0x000000070f700000|  0%| F|  |TAMS 0x000000070f600000, 0x000000070f600000| Untracked 
|  97|0x000000070f700000, 0x000000070f700000, 0x000000070f800000|  0%| F|  |TAMS 0x000000070f700000, 0x000000070f700000| Untracked 
|  98|0x000000070f800000, 0x000000070f800000, 0x000000070f900000|  0%| F|  |TAMS 0x000000070f800000, 0x000000070f800000| Untracked 
|  99|0x000000070f900000, 0x000000070f900000, 0x000000070fa00000|  0%| F|  |TAMS 0x000000070f900000, 0x000000070f900000| Untracked 
| 100|0x000000070fa00000, 0x000000070fa00000, 0x000000070fb00000|  0%| F|  |TAMS 0x000000070fa00000, 0x000000070fa00000| Untracked 
| 101|0x000000070fb00000, 0x000000070fb00000, 0x000000070fc00000|  0%| F|  |TAMS 0x000000070fb00000, 0x000000070fb00000| Untracked 
| 102|0x000000070fc00000, 0x000000070fc00000, 0x000000070fd00000|  0%| F|  |TAMS 0x000000070fc00000, 0x000000070fc00000| Untracked 
| 103|0x000000070fd00000, 0x000000070fd00000, 0x000000070fe00000|  0%| F|  |TAMS 0x000000070fd00000, 0x000000070fd00000| Untracked 
| 104|0x000000070fe00000, 0x000000070fe00000, 0x000000070ff00000|  0%| F|  |TAMS 0x000000070fe00000, 0x000000070fe00000| Untracked 
| 105|0x000000070ff00000, 0x000000070ff00000, 0x0000000710000000|  0%| F|  |TAMS 0x000000070ff00000, 0x000000070ff00000| Untracked 
| 106|0x0000000710000000, 0x0000000710000000, 0x0000000710100000|  0%| F|  |TAMS 0x0000000710000000, 0x0000000710000000| Untracked 
| 107|0x0000000710100000, 0x0000000710100000, 0x0000000710200000|  0%| F|  |TAMS 0x0000000710100000, 0x0000000710100000| Untracked 
| 108|0x0000000710200000, 0x0000000710200000, 0x0000000710300000|  0%| F|  |TAMS 0x0000000710200000, 0x0000000710200000| Untracked 
| 109|0x0000000710300000, 0x0000000710300000, 0x0000000710400000|  0%| F|  |TAMS 0x0000000710300000, 0x0000000710300000| Untracked 
| 110|0x0000000710400000, 0x0000000710400000, 0x0000000710500000|  0%| F|  |TAMS 0x0000000710400000, 0x0000000710400000| Untracked 
| 111|0x0000000710500000, 0x0000000710500000, 0x0000000710600000|  0%| F|  |TAMS 0x0000000710500000, 0x0000000710500000| Untracked 
| 112|0x0000000710600000, 0x0000000710600000, 0x0000000710700000|  0%| F|  |TAMS 0x0000000710600000, 0x0000000710600000| Untracked 
| 113|0x0000000710700000, 0x0000000710700000, 0x0000000710800000|  0%| F|  |TAMS 0x0000000710700000, 0x0000000710700000| Untracked 
| 114|0x0000000710800000, 0x0000000710800000, 0x0000000710900000|  0%| F|  |TAMS 0x0000000710800000, 0x0000000710800000| Untracked 
| 115|0x0000000710900000, 0x0000000710900000, 0x0000000710a00000|  0%| F|  |TAMS 0x0000000710900000, 0x0000000710900000| Untracked 
| 116|0x0000000710a00000, 0x0000000710b00000, 0x0000000710b00000|100%| S|CS|TAMS 0x0000000710a00000, 0x0000000710a00000| Complete 
| 117|0x0000000710b00000, 0x0000000710c00000, 0x0000000710c00000|100%| S|CS|TAMS 0x0000000710b00000, 0x0000000710b00000| Complete 
| 118|0x0000000710c00000, 0x0000000710d00000, 0x0000000710d00000|100%| S|CS|TAMS 0x0000000710c00000, 0x0000000710c00000| Complete 
| 119|0x0000000710d00000, 0x0000000710e00000, 0x0000000710e00000|100%| S|CS|TAMS 0x0000000710d00000, 0x0000000710d00000| Complete 
| 120|0x0000000710e00000, 0x0000000710f00000, 0x0000000710f00000|100%| S|CS|TAMS 0x0000000710e00000, 0x0000000710e00000| Complete 
| 121|0x0000000710f00000, 0x0000000711000000, 0x0000000711000000|100%| S|CS|TAMS 0x0000000710f00000, 0x0000000710f00000| Complete 
| 122|0x0000000711000000, 0x0000000711100000, 0x0000000711100000|100%| S|CS|TAMS 0x0000000711000000, 0x0000000711000000| Complete 
| 123|0x0000000711100000, 0x0000000711200000, 0x0000000711200000|100%| S|CS|TAMS 0x0000000711100000, 0x0000000711100000| Complete 
| 124|0x0000000711200000, 0x0000000711300000, 0x0000000711300000|100%| S|CS|TAMS 0x0000000711200000, 0x0000000711200000| Complete 
| 125|0x0000000711300000, 0x0000000711400000, 0x0000000711400000|100%| S|CS|TAMS 0x0000000711300000, 0x0000000711300000| Complete 
| 126|0x0000000711400000, 0x0000000711400000, 0x0000000711500000|  0%| F|  |TAMS 0x0000000711400000, 0x0000000711400000| Untracked 
| 127|0x0000000711500000, 0x0000000711500000, 0x0000000711600000|  0%| F|  |TAMS 0x0000000711500000, 0x0000000711500000| Untracked 
| 128|0x0000000711600000, 0x0000000711600000, 0x0000000711700000|  0%| F|  |TAMS 0x0000000711600000, 0x0000000711600000| Untracked 
| 129|0x0000000711700000, 0x0000000711700000, 0x0000000711800000|  0%| F|  |TAMS 0x0000000711700000, 0x0000000711700000| Untracked 
| 130|0x0000000711800000, 0x0000000711800000, 0x0000000711900000|  0%| F|  |TAMS 0x0000000711800000, 0x0000000711800000| Untracked 
| 131|0x0000000711900000, 0x0000000711900000, 0x0000000711a00000|  0%| F|  |TAMS 0x0000000711900000, 0x0000000711900000| Untracked 
| 132|0x0000000711a00000, 0x0000000711a00000, 0x0000000711b00000|  0%| F|  |TAMS 0x0000000711a00000, 0x0000000711a00000| Untracked 
| 133|0x0000000711b00000, 0x0000000711b00000, 0x0000000711c00000|  0%| F|  |TAMS 0x0000000711b00000, 0x0000000711b00000| Untracked 
| 134|0x0000000711c00000, 0x0000000711c00000, 0x0000000711d00000|  0%| F|  |TAMS 0x0000000711c00000, 0x0000000711c00000| Untracked 
| 135|0x0000000711d00000, 0x0000000711d00000, 0x0000000711e00000|  0%| F|  |TAMS 0x0000000711d00000, 0x0000000711d00000| Untracked 
| 136|0x0000000711e00000, 0x0000000711e00000, 0x0000000711f00000|  0%| F|  |TAMS 0x0000000711e00000, 0x0000000711e00000| Untracked 
| 137|0x0000000711f00000, 0x0000000711f00000, 0x0000000712000000|  0%| F|  |TAMS 0x0000000711f00000, 0x0000000711f00000| Untracked 
| 138|0x0000000712000000, 0x0000000712000000, 0x0000000712100000|  0%| F|  |TAMS 0x0000000712000000, 0x0000000712000000| Untracked 
| 139|0x0000000712100000, 0x0000000712100000, 0x0000000712200000|  0%| F|  |TAMS 0x0000000712100000, 0x0000000712100000| Untracked 
| 140|0x0000000712200000, 0x0000000712200000, 0x0000000712300000|  0%| F|  |TAMS 0x0000000712200000, 0x0000000712200000| Untracked 
| 141|0x0000000712300000, 0x0000000712300000, 0x0000000712400000|  0%| F|  |TAMS 0x0000000712300000, 0x0000000712300000| Untracked 
| 142|0x0000000712400000, 0x0000000712400000, 0x0000000712500000|  0%| F|  |TAMS 0x0000000712400000, 0x0000000712400000| Untracked 
| 143|0x0000000712500000, 0x0000000712500000, 0x0000000712600000|  0%| F|  |TAMS 0x0000000712500000, 0x0000000712500000| Untracked 
| 144|0x0000000712600000, 0x0000000712600000, 0x0000000712700000|  0%| F|  |TAMS 0x0000000712600000, 0x0000000712600000| Untracked 
| 145|0x0000000712700000, 0x0000000712700000, 0x0000000712800000|  0%| F|  |TAMS 0x0000000712700000, 0x0000000712700000| Untracked 
| 146|0x0000000712800000, 0x0000000712800000, 0x0000000712900000|  0%| F|  |TAMS 0x0000000712800000, 0x0000000712800000| Untracked 
| 147|0x0000000712900000, 0x0000000712900000, 0x0000000712a00000|  0%| F|  |TAMS 0x0000000712900000, 0x0000000712900000| Untracked 
| 148|0x0000000712a00000, 0x0000000712a00000, 0x0000000712b00000|  0%| F|  |TAMS 0x0000000712a00000, 0x0000000712a00000| Untracked 
| 149|0x0000000712b00000, 0x0000000712b00000, 0x0000000712c00000|  0%| F|  |TAMS 0x0000000712b00000, 0x0000000712b00000| Untracked 
| 150|0x0000000712c00000, 0x0000000712c00000, 0x0000000712d00000|  0%| F|  |TAMS 0x0000000712c00000, 0x0000000712c00000| Untracked 
| 151|0x0000000712d00000, 0x0000000712d00000, 0x0000000712e00000|  0%| F|  |TAMS 0x0000000712d00000, 0x0000000712d00000| Untracked 
| 152|0x0000000712e00000, 0x0000000712e00000, 0x0000000712f00000|  0%| F|  |TAMS 0x0000000712e00000, 0x0000000712e00000| Untracked 
| 153|0x0000000712f00000, 0x0000000712f00000, 0x0000000713000000|  0%| F|  |TAMS 0x0000000712f00000, 0x0000000712f00000| Untracked 
| 154|0x0000000713000000, 0x0000000713000000, 0x0000000713100000|  0%| F|  |TAMS 0x0000000713000000, 0x0000000713000000| Untracked 
| 155|0x0000000713100000, 0x0000000713100000, 0x0000000713200000|  0%| F|  |TAMS 0x0000000713100000, 0x0000000713100000| Untracked 
| 156|0x0000000713200000, 0x0000000713200000, 0x0000000713300000|  0%| F|  |TAMS 0x0000000713200000, 0x0000000713200000| Untracked 
| 157|0x0000000713300000, 0x0000000713300000, 0x0000000713400000|  0%| F|  |TAMS 0x0000000713300000, 0x0000000713300000| Untracked 
| 158|0x0000000713400000, 0x0000000713400000, 0x0000000713500000|  0%| F|  |TAMS 0x0000000713400000, 0x0000000713400000| Untracked 
| 159|0x0000000713500000, 0x0000000713500000, 0x0000000713600000|  0%| F|  |TAMS 0x0000000713500000, 0x0000000713500000| Untracked 
| 160|0x0000000713600000, 0x0000000713600000, 0x0000000713700000|  0%| F|  |TAMS 0x0000000713600000, 0x0000000713600000| Untracked 
| 161|0x0000000713700000, 0x0000000713700000, 0x0000000713800000|  0%| F|  |TAMS 0x0000000713700000, 0x0000000713700000| Untracked 
| 162|0x0000000713800000, 0x0000000713800000, 0x0000000713900000|  0%| F|  |TAMS 0x0000000713800000, 0x0000000713800000| Untracked 
| 163|0x0000000713900000, 0x0000000713900000, 0x0000000713a00000|  0%| F|  |TAMS 0x0000000713900000, 0x0000000713900000| Untracked 
| 164|0x0000000713a00000, 0x0000000713a00000, 0x0000000713b00000|  0%| F|  |TAMS 0x0000000713a00000, 0x0000000713a00000| Untracked 
| 165|0x0000000713b00000, 0x0000000713b00000, 0x0000000713c00000|  0%| F|  |TAMS 0x0000000713b00000, 0x0000000713b00000| Untracked 
| 166|0x0000000713c00000, 0x0000000713c00000, 0x0000000713d00000|  0%| F|  |TAMS 0x0000000713c00000, 0x0000000713c00000| Untracked 
| 167|0x0000000713d00000, 0x0000000713d00000, 0x0000000713e00000|  0%| F|  |TAMS 0x0000000713d00000, 0x0000000713d00000| Untracked 
| 168|0x0000000713e00000, 0x0000000713e00000, 0x0000000713f00000|  0%| F|  |TAMS 0x0000000713e00000, 0x0000000713e00000| Untracked 
| 169|0x0000000713f00000, 0x0000000713f00000, 0x0000000714000000|  0%| F|  |TAMS 0x0000000713f00000, 0x0000000713f00000| Untracked 
| 170|0x0000000714000000, 0x0000000714000000, 0x0000000714100000|  0%| F|  |TAMS 0x0000000714000000, 0x0000000714000000| Untracked 
| 171|0x0000000714100000, 0x0000000714100000, 0x0000000714200000|  0%| F|  |TAMS 0x0000000714100000, 0x0000000714100000| Untracked 
| 172|0x0000000714200000, 0x0000000714200000, 0x0000000714300000|  0%| F|  |TAMS 0x0000000714200000, 0x0000000714200000| Untracked 
| 173|0x0000000714300000, 0x0000000714300000, 0x0000000714400000|  0%| F|  |TAMS 0x0000000714300000, 0x0000000714300000| Untracked 
| 174|0x0000000714400000, 0x0000000714400000, 0x0000000714500000|  0%| F|  |TAMS 0x0000000714400000, 0x0000000714400000| Untracked 
| 175|0x0000000714500000, 0x0000000714500000, 0x0000000714600000|  0%| F|  |TAMS 0x0000000714500000, 0x0000000714500000| Untracked 
| 176|0x0000000714600000, 0x0000000714600000, 0x0000000714700000|  0%| F|  |TAMS 0x0000000714600000, 0x0000000714600000| Untracked 
| 177|0x0000000714700000, 0x0000000714700000, 0x0000000714800000|  0%| F|  |TAMS 0x0000000714700000, 0x0000000714700000| Untracked 
| 178|0x0000000714800000, 0x0000000714800000, 0x0000000714900000|  0%| F|  |TAMS 0x0000000714800000, 0x0000000714800000| Untracked 
| 179|0x0000000714900000, 0x0000000714900000, 0x0000000714a00000|  0%| F|  |TAMS 0x0000000714900000, 0x0000000714900000| Untracked 
| 180|0x0000000714a00000, 0x0000000714a00000, 0x0000000714b00000|  0%| F|  |TAMS 0x0000000714a00000, 0x0000000714a00000| Untracked 
| 181|0x0000000714b00000, 0x0000000714b00000, 0x0000000714c00000|  0%| F|  |TAMS 0x0000000714b00000, 0x0000000714b00000| Untracked 
| 182|0x0000000714c00000, 0x0000000714c00000, 0x0000000714d00000|  0%| F|  |TAMS 0x0000000714c00000, 0x0000000714c00000| Untracked 
| 183|0x0000000714d00000, 0x0000000714d00000, 0x0000000714e00000|  0%| F|  |TAMS 0x0000000714d00000, 0x0000000714d00000| Untracked 
| 184|0x0000000714e00000, 0x0000000714e00000, 0x0000000714f00000|  0%| F|  |TAMS 0x0000000714e00000, 0x0000000714e00000| Untracked 
| 185|0x0000000714f00000, 0x0000000714f00000, 0x0000000715000000|  0%| F|  |TAMS 0x0000000714f00000, 0x0000000714f00000| Untracked 
| 186|0x0000000715000000, 0x0000000715000000, 0x0000000715100000|  0%| F|  |TAMS 0x0000000715000000, 0x0000000715000000| Untracked 
| 187|0x0000000715100000, 0x0000000715100000, 0x0000000715200000|  0%| F|  |TAMS 0x0000000715100000, 0x0000000715100000| Untracked 
| 188|0x0000000715200000, 0x0000000715200000, 0x0000000715300000|  0%| F|  |TAMS 0x0000000715200000, 0x0000000715200000| Untracked 
| 189|0x0000000715300000, 0x0000000715300000, 0x0000000715400000|  0%| F|  |TAMS 0x0000000715300000, 0x0000000715300000| Untracked 
| 190|0x0000000715400000, 0x0000000715400000, 0x0000000715500000|  0%| F|  |TAMS 0x0000000715400000, 0x0000000715400000| Untracked 
| 191|0x0000000715500000, 0x0000000715500000, 0x0000000715600000|  0%| F|  |TAMS 0x0000000715500000, 0x0000000715500000| Untracked 
| 192|0x0000000715600000, 0x0000000715600000, 0x0000000715700000|  0%| F|  |TAMS 0x0000000715600000, 0x0000000715600000| Untracked 
| 193|0x0000000715700000, 0x0000000715700000, 0x0000000715800000|  0%| F|  |TAMS 0x0000000715700000, 0x0000000715700000| Untracked 
| 194|0x0000000715800000, 0x0000000715800000, 0x0000000715900000|  0%| F|  |TAMS 0x0000000715800000, 0x0000000715800000| Untracked 
| 195|0x0000000715900000, 0x0000000715900000, 0x0000000715a00000|  0%| F|  |TAMS 0x0000000715900000, 0x0000000715900000| Untracked 
| 196|0x0000000715a00000, 0x0000000715a00000, 0x0000000715b00000|  0%| F|  |TAMS 0x0000000715a00000, 0x0000000715a00000| Untracked 
| 197|0x0000000715b00000, 0x0000000715b00000, 0x0000000715c00000|  0%| F|  |TAMS 0x0000000715b00000, 0x0000000715b00000| Untracked 
| 198|0x0000000715c00000, 0x0000000715c00000, 0x0000000715d00000|  0%| F|  |TAMS 0x0000000715c00000, 0x0000000715c00000| Untracked 
| 199|0x0000000715d00000, 0x0000000715d00000, 0x0000000715e00000|  0%| F|  |TAMS 0x0000000715d00000, 0x0000000715d00000| Untracked 
| 200|0x0000000715e00000, 0x0000000715e00000, 0x0000000715f00000|  0%| F|  |TAMS 0x0000000715e00000, 0x0000000715e00000| Untracked 
| 201|0x0000000715f00000, 0x0000000715f00000, 0x0000000716000000|  0%| F|  |TAMS 0x0000000715f00000, 0x0000000715f00000| Untracked 
| 202|0x0000000716000000, 0x0000000716000000, 0x0000000716100000|  0%| F|  |TAMS 0x0000000716000000, 0x0000000716000000| Untracked 
| 203|0x0000000716100000, 0x0000000716100000, 0x0000000716200000|  0%| F|  |TAMS 0x0000000716100000, 0x0000000716100000| Untracked 
| 204|0x0000000716200000, 0x0000000716200000, 0x0000000716300000|  0%| F|  |TAMS 0x0000000716200000, 0x0000000716200000| Untracked 
| 205|0x0000000716300000, 0x0000000716300000, 0x0000000716400000|  0%| F|  |TAMS 0x0000000716300000, 0x0000000716300000| Untracked 
| 206|0x0000000716400000, 0x0000000716400000, 0x0000000716500000|  0%| F|  |TAMS 0x0000000716400000, 0x0000000716400000| Untracked 
| 207|0x0000000716500000, 0x0000000716500000, 0x0000000716600000|  0%| F|  |TAMS 0x0000000716500000, 0x0000000716500000| Untracked 
| 208|0x0000000716600000, 0x0000000716600000, 0x0000000716700000|  0%| F|  |TAMS 0x0000000716600000, 0x0000000716600000| Untracked 
| 209|0x0000000716700000, 0x0000000716700000, 0x0000000716800000|  0%| F|  |TAMS 0x0000000716700000, 0x0000000716700000| Untracked 
| 210|0x0000000716800000, 0x0000000716800000, 0x0000000716900000|  0%| F|  |TAMS 0x0000000716800000, 0x0000000716800000| Untracked 
| 211|0x0000000716900000, 0x0000000716900000, 0x0000000716a00000|  0%| F|  |TAMS 0x0000000716900000, 0x0000000716900000| Untracked 
| 212|0x0000000716a00000, 0x0000000716a00000, 0x0000000716b00000|  0%| F|  |TAMS 0x0000000716a00000, 0x0000000716a00000| Untracked 
| 213|0x0000000716b00000, 0x0000000716b00000, 0x0000000716c00000|  0%| F|  |TAMS 0x0000000716b00000, 0x0000000716b00000| Untracked 
| 214|0x0000000716c00000, 0x0000000716c00000, 0x0000000716d00000|  0%| F|  |TAMS 0x0000000716c00000, 0x0000000716c00000| Untracked 
| 215|0x0000000716d00000, 0x0000000716d00000, 0x0000000716e00000|  0%| F|  |TAMS 0x0000000716d00000, 0x0000000716d00000| Untracked 
| 216|0x0000000716e00000, 0x0000000716e00000, 0x0000000716f00000|  0%| F|  |TAMS 0x0000000716e00000, 0x0000000716e00000| Untracked 
| 217|0x0000000716f00000, 0x0000000716f00000, 0x0000000717000000|  0%| F|  |TAMS 0x0000000716f00000, 0x0000000716f00000| Untracked 
| 218|0x0000000717000000, 0x0000000717000000, 0x0000000717100000|  0%| F|  |TAMS 0x0000000717000000, 0x0000000717000000| Untracked 
| 219|0x0000000717100000, 0x0000000717100000, 0x0000000717200000|  0%| F|  |TAMS 0x0000000717100000, 0x0000000717100000| Untracked 
| 220|0x0000000717200000, 0x0000000717200000, 0x0000000717300000|  0%| F|  |TAMS 0x0000000717200000, 0x0000000717200000| Untracked 
| 221|0x0000000717300000, 0x0000000717300000, 0x0000000717400000|  0%| F|  |TAMS 0x0000000717300000, 0x0000000717300000| Untracked 
| 222|0x0000000717400000, 0x0000000717400000, 0x0000000717500000|  0%| F|  |TAMS 0x0000000717400000, 0x0000000717400000| Untracked 
| 223|0x0000000717500000, 0x0000000717500000, 0x0000000717600000|  0%| F|  |TAMS 0x0000000717500000, 0x0000000717500000| Untracked 
| 224|0x0000000717600000, 0x0000000717600000, 0x0000000717700000|  0%| F|  |TAMS 0x0000000717600000, 0x0000000717600000| Untracked 
| 225|0x0000000717700000, 0x0000000717700000, 0x0000000717800000|  0%| F|  |TAMS 0x0000000717700000, 0x0000000717700000| Untracked 
| 226|0x0000000717800000, 0x0000000717800000, 0x0000000717900000|  0%| F|  |TAMS 0x0000000717800000, 0x0000000717800000| Untracked 
| 227|0x0000000717900000, 0x0000000717900000, 0x0000000717a00000|  0%| F|  |TAMS 0x0000000717900000, 0x0000000717900000| Untracked 
| 228|0x0000000717a00000, 0x0000000717a00000, 0x0000000717b00000|  0%| F|  |TAMS 0x0000000717a00000, 0x0000000717a00000| Untracked 
| 229|0x0000000717b00000, 0x0000000717b00000, 0x0000000717c00000|  0%| F|  |TAMS 0x0000000717b00000, 0x0000000717b00000| Untracked 
| 230|0x0000000717c00000, 0x0000000717c00000, 0x0000000717d00000|  0%| F|  |TAMS 0x0000000717c00000, 0x0000000717c00000| Untracked 
| 231|0x0000000717d00000, 0x0000000717d00000, 0x0000000717e00000|  0%| F|  |TAMS 0x0000000717d00000, 0x0000000717d00000| Untracked 
| 232|0x0000000717e00000, 0x0000000717e00000, 0x0000000717f00000|  0%| F|  |TAMS 0x0000000717e00000, 0x0000000717e00000| Untracked 
| 233|0x0000000717f00000, 0x0000000717f00000, 0x0000000718000000|  0%| F|  |TAMS 0x0000000717f00000, 0x0000000717f00000| Untracked 
| 234|0x0000000718000000, 0x0000000718000000, 0x0000000718100000|  0%| F|  |TAMS 0x0000000718000000, 0x0000000718000000| Untracked 
| 235|0x0000000718100000, 0x0000000718100000, 0x0000000718200000|  0%| F|  |TAMS 0x0000000718100000, 0x0000000718100000| Untracked 
| 236|0x0000000718200000, 0x0000000718200000, 0x0000000718300000|  0%| F|  |TAMS 0x0000000718200000, 0x0000000718200000| Untracked 
| 237|0x0000000718300000, 0x0000000718300000, 0x0000000718400000|  0%| F|  |TAMS 0x0000000718300000, 0x0000000718300000| Untracked 
| 238|0x0000000718400000, 0x0000000718400000, 0x0000000718500000|  0%| F|  |TAMS 0x0000000718400000, 0x0000000718400000| Untracked 
| 239|0x0000000718500000, 0x0000000718500000, 0x0000000718600000|  0%| F|  |TAMS 0x0000000718500000, 0x0000000718500000| Untracked 
| 240|0x0000000718600000, 0x0000000718600000, 0x0000000718700000|  0%| F|  |TAMS 0x0000000718600000, 0x0000000718600000| Untracked 
| 241|0x0000000718700000, 0x0000000718700000, 0x0000000718800000|  0%| F|  |TAMS 0x0000000718700000, 0x0000000718700000| Untracked 
| 242|0x0000000718800000, 0x0000000718800000, 0x0000000718900000|  0%| F|  |TAMS 0x0000000718800000, 0x0000000718800000| Untracked 
| 243|0x0000000718900000, 0x0000000718900000, 0x0000000718a00000|  0%| F|  |TAMS 0x0000000718900000, 0x0000000718900000| Untracked 
| 244|0x0000000718a00000, 0x0000000718a00000, 0x0000000718b00000|  0%| F|  |TAMS 0x0000000718a00000, 0x0000000718a00000| Untracked 
| 245|0x0000000718b00000, 0x0000000718b00000, 0x0000000718c00000|  0%| F|  |TAMS 0x0000000718b00000, 0x0000000718b00000| Untracked 
| 246|0x0000000718c00000, 0x0000000718c00000, 0x0000000718d00000|  0%| F|  |TAMS 0x0000000718c00000, 0x0000000718c00000| Untracked 
| 247|0x0000000718d00000, 0x0000000718d00000, 0x0000000718e00000|  0%| F|  |TAMS 0x0000000718d00000, 0x0000000718d00000| Untracked 
| 248|0x0000000718e00000, 0x0000000718e00000, 0x0000000718f00000|  0%| F|  |TAMS 0x0000000718e00000, 0x0000000718e00000| Untracked 
| 249|0x0000000718f00000, 0x0000000718f00000, 0x0000000719000000|  0%| F|  |TAMS 0x0000000718f00000, 0x0000000718f00000| Untracked 
| 250|0x0000000719000000, 0x0000000719000000, 0x0000000719100000|  0%| F|  |TAMS 0x0000000719000000, 0x0000000719000000| Untracked 
| 251|0x0000000719100000, 0x0000000719100000, 0x0000000719200000|  0%| F|  |TAMS 0x0000000719100000, 0x0000000719100000| Untracked 
| 252|0x0000000719200000, 0x0000000719200000, 0x0000000719300000|  0%| F|  |TAMS 0x0000000719200000, 0x0000000719200000| Untracked 
| 253|0x0000000719300000, 0x0000000719300000, 0x0000000719400000|  0%| F|  |TAMS 0x0000000719300000, 0x0000000719300000| Untracked 
| 254|0x0000000719400000, 0x0000000719400000, 0x0000000719500000|  0%| F|  |TAMS 0x0000000719400000, 0x0000000719400000| Untracked 
| 255|0x0000000719500000, 0x0000000719500000, 0x0000000719600000|  0%| F|  |TAMS 0x0000000719500000, 0x0000000719500000| Untracked 
| 256|0x0000000719600000, 0x0000000719600000, 0x0000000719700000|  0%| F|  |TAMS 0x0000000719600000, 0x0000000719600000| Untracked 
| 257|0x0000000719700000, 0x0000000719700000, 0x0000000719800000|  0%| F|  |TAMS 0x0000000719700000, 0x0000000719700000| Untracked 
| 258|0x0000000719800000, 0x0000000719800000, 0x0000000719900000|  0%| F|  |TAMS 0x0000000719800000, 0x0000000719800000| Untracked 
| 259|0x0000000719900000, 0x0000000719900000, 0x0000000719a00000|  0%| F|  |TAMS 0x0000000719900000, 0x0000000719900000| Untracked 
| 260|0x0000000719a00000, 0x0000000719a00000, 0x0000000719b00000|  0%| F|  |TAMS 0x0000000719a00000, 0x0000000719a00000| Untracked 
| 261|0x0000000719b00000, 0x0000000719b00000, 0x0000000719c00000|  0%| F|  |TAMS 0x0000000719b00000, 0x0000000719b00000| Untracked 
| 262|0x0000000719c00000, 0x0000000719c00000, 0x0000000719d00000|  0%| F|  |TAMS 0x0000000719c00000, 0x0000000719c00000| Untracked 
| 263|0x0000000719d00000, 0x0000000719d00000, 0x0000000719e00000|  0%| F|  |TAMS 0x0000000719d00000, 0x0000000719d00000| Untracked 
| 264|0x0000000719e00000, 0x0000000719e00000, 0x0000000719f00000|  0%| F|  |TAMS 0x0000000719e00000, 0x0000000719e00000| Untracked 
| 265|0x0000000719f00000, 0x0000000719f00000, 0x000000071a000000|  0%| F|  |TAMS 0x0000000719f00000, 0x0000000719f00000| Untracked 
| 266|0x000000071a000000, 0x000000071a000000, 0x000000071a100000|  0%| F|  |TAMS 0x000000071a000000, 0x000000071a000000| Untracked 
| 267|0x000000071a100000, 0x000000071a100000, 0x000000071a200000|  0%| F|  |TAMS 0x000000071a100000, 0x000000071a100000| Untracked 
| 268|0x000000071a200000, 0x000000071a200000, 0x000000071a300000|  0%| F|  |TAMS 0x000000071a200000, 0x000000071a200000| Untracked 
| 269|0x000000071a300000, 0x000000071a300000, 0x000000071a400000|  0%| F|  |TAMS 0x000000071a300000, 0x000000071a300000| Untracked 
| 270|0x000000071a400000, 0x000000071a400000, 0x000000071a500000|  0%| F|  |TAMS 0x000000071a400000, 0x000000071a400000| Untracked 
| 271|0x000000071a500000, 0x000000071a500000, 0x000000071a600000|  0%| F|  |TAMS 0x000000071a500000, 0x000000071a500000| Untracked 
| 272|0x000000071a600000, 0x000000071a600000, 0x000000071a700000|  0%| F|  |TAMS 0x000000071a600000, 0x000000071a600000| Untracked 
| 273|0x000000071a700000, 0x000000071a700000, 0x000000071a800000|  0%| F|  |TAMS 0x000000071a700000, 0x000000071a700000| Untracked 
| 274|0x000000071a800000, 0x000000071a800000, 0x000000071a900000|  0%| F|  |TAMS 0x000000071a800000, 0x000000071a800000| Untracked 
| 275|0x000000071a900000, 0x000000071a900000, 0x000000071aa00000|  0%| F|  |TAMS 0x000000071a900000, 0x000000071a900000| Untracked 
| 276|0x000000071aa00000, 0x000000071aa00000, 0x000000071ab00000|  0%| F|  |TAMS 0x000000071aa00000, 0x000000071aa00000| Untracked 
| 277|0x000000071ab00000, 0x000000071ab00000, 0x000000071ac00000|  0%| F|  |TAMS 0x000000071ab00000, 0x000000071ab00000| Untracked 
| 278|0x000000071ac00000, 0x000000071ac00000, 0x000000071ad00000|  0%| F|  |TAMS 0x000000071ac00000, 0x000000071ac00000| Untracked 
| 279|0x000000071ad00000, 0x000000071ad00000, 0x000000071ae00000|  0%| F|  |TAMS 0x000000071ad00000, 0x000000071ad00000| Untracked 
| 280|0x000000071ae00000, 0x000000071ae00000, 0x000000071af00000|  0%| F|  |TAMS 0x000000071ae00000, 0x000000071ae00000| Untracked 
| 281|0x000000071af00000, 0x000000071af00000, 0x000000071b000000|  0%| F|  |TAMS 0x000000071af00000, 0x000000071af00000| Untracked 
| 282|0x000000071b000000, 0x000000071b000000, 0x000000071b100000|  0%| F|  |TAMS 0x000000071b000000, 0x000000071b000000| Untracked 
| 283|0x000000071b100000, 0x000000071b100000, 0x000000071b200000|  0%| F|  |TAMS 0x000000071b100000, 0x000000071b100000| Untracked 
| 284|0x000000071b200000, 0x000000071b200000, 0x000000071b300000|  0%| F|  |TAMS 0x000000071b200000, 0x000000071b200000| Untracked 
| 285|0x000000071b300000, 0x000000071b400000, 0x000000071b400000|100%| E|  |TAMS 0x000000071b300000, 0x000000071b300000| Complete 
| 286|0x000000071b400000, 0x000000071b500000, 0x000000071b500000|100%| E|CS|TAMS 0x000000071b400000, 0x000000071b400000| Complete 
| 287|0x000000071b500000, 0x000000071b600000, 0x000000071b600000|100%| E|CS|TAMS 0x000000071b500000, 0x000000071b500000| Complete 
| 288|0x000000071b600000, 0x000000071b700000, 0x000000071b700000|100%| E|CS|TAMS 0x000000071b600000, 0x000000071b600000| Complete 
| 289|0x000000071b700000, 0x000000071b800000, 0x000000071b800000|100%| E|CS|TAMS 0x000000071b700000, 0x000000071b700000| Complete 
| 290|0x000000071b800000, 0x000000071b900000, 0x000000071b900000|100%| E|CS|TAMS 0x000000071b800000, 0x000000071b800000| Complete 
| 291|0x000000071b900000, 0x000000071ba00000, 0x000000071ba00000|100%| E|CS|TAMS 0x000000071b900000, 0x000000071b900000| Complete 
| 292|0x000000071ba00000, 0x000000071bb00000, 0x000000071bb00000|100%| E|CS|TAMS 0x000000071ba00000, 0x000000071ba00000| Complete 
| 293|0x000000071bb00000, 0x000000071bc00000, 0x000000071bc00000|100%| E|CS|TAMS 0x000000071bb00000, 0x000000071bb00000| Complete 
| 294|0x000000071bc00000, 0x000000071bd00000, 0x000000071bd00000|100%| E|CS|TAMS 0x000000071bc00000, 0x000000071bc00000| Complete 
| 295|0x000000071bd00000, 0x000000071be00000, 0x000000071be00000|100%| E|CS|TAMS 0x000000071bd00000, 0x000000071bd00000| Complete 
| 296|0x000000071be00000, 0x000000071bf00000, 0x000000071bf00000|100%| E|CS|TAMS 0x000000071be00000, 0x000000071be00000| Complete 
| 297|0x000000071bf00000, 0x000000071c000000, 0x000000071c000000|100%| E|CS|TAMS 0x000000071bf00000, 0x000000071bf00000| Complete 

Card table byte_map: [0x0000028780000000,0x00000287807c0000] _byte_map_base: 0x000002877c7b5000

Marking Bits (Prev, Next): (CMBitMap*) 0x00000287e8a11d08, (CMBitMap*) 0x00000287e8a11d40
 Prev Bits: [0x0000028780f80000, 0x0000028784d28000)
 Next Bits: [0x0000028784d30000, 0x0000028788ad8000)

Polling page: 0x00000287e69d0000

Metaspace:

Usage:
  Non-class:     42.93 MB capacity,    42.16 MB ( 98%) used,   644.55 KB (  1%) free+waste,   151.81 KB ( <1%) overhead. 
      Class:      6.76 MB capacity,     6.23 MB ( 92%) used,   466.02 KB (  7%) free+waste,    74.38 KB (  1%) overhead. 
       Both:     49.69 MB capacity,    48.38 MB ( 97%) used,     1.08 MB (  2%) free+waste,   226.19 KB ( <1%) overhead. 

Virtual space:
  Non-class space:       44.00 MB reserved,      43.08 MB ( 98%) committed 
      Class space:        1.00 GB reserved,       6.88 MB ( <1%) committed 
             Both:        1.04 GB reserved,      49.95 MB (  5%) committed 

Chunk freelists:
   Non-Class:  2.50 KB
       Class:  3.25 KB
        Both:  5.75 KB

CodeHeap 'non-profiled nmethods': size=238336Kb used=7224Kb max_used=7224Kb free=231111Kb
 bounds [0x00000287f07c0000, 0x00000287f0ed0000, 0x00000287ff080000]
CodeHeap 'non-nmethods': size=7424Kb used=1298Kb max_used=1298Kb free=6125Kb
 bounds [0x00000287f0080000, 0x00000287f02f0000, 0x00000287f07c0000]
 total_blobs=4964 nmethods=4396 adapters=502
 compilation: enabled
              stopped_count=0, restarted_count=0
 full_count=0

Compilation events (10 events):
Event: 3.403 Thread 0x000002878bf88800 4392       1       org.h2.expression.ExpressionVisitor::getType (5 bytes)
Event: 3.403 Thread 0x000002878bf88800 nmethod 4392 0x00000287f0ecd210 code [0x00000287f0ecd3a0, 0x00000287f0ecd458]
Event: 3.403 Thread 0x000002878bf88800 4393       1       org.h2.mvstore.Page::getMemory (14 bytes)
Event: 3.403 Thread 0x000002878bf88800 nmethod 4393 0x00000287f0ecd510 code [0x00000287f0ecd6a0, 0x00000287f0ecd798]
Event: 3.403 Thread 0x000002878bf88800 4394       1       org.h2.mvstore.MVMap::flushAndGetRoot (28 bytes)
Event: 3.404 Thread 0x000002878bf88800 nmethod 4394 0x00000287f0ecd810 code [0x00000287f0ecd9c0, 0x00000287f0ecdb28]
Event: 3.404 Thread 0x000002878bf88800 4395       1       org.h2.command.Token$IdentifierToken::<init> (22 bytes)
Event: 3.404 Thread 0x000002878bf88800 nmethod 4395 0x00000287f0ecdc90 code [0x00000287f0ecde20, 0x00000287f0ecdf38]
Event: 3.413 Thread 0x000002878bf88800 4396       1       jdk.internal.reflect.DelegatingMethodAccessorImpl::setDelegate (6 bytes)
Event: 3.413 Thread 0x000002878bf88800 nmethod 4396 0x00000287f0ece010 code [0x00000287f0ece1a0, 0x00000287f0ece2b8]

GC Heap History (10 events):
Event: 0.479 GC heap before
{Heap before GC invocations=0 (full 0):
 garbage-first heap   total 253952K, used 25600K [0x0000000709600000, 0x0000000800000000)
  region size 1024K, 24 young (24576K), 0 survivors (0K)
 Metaspace       used 11022K, capacity 11252K, committed 11520K, reserved 1058816K
  class space    used 1130K, capacity 1224K, committed 1280K, reserved 1048576K
}
Event: 0.482 GC heap after
{Heap after GC invocations=1 (full 0):
 garbage-first heap   total 253952K, used 6575K [0x0000000709600000, 0x0000000800000000)
  region size 1024K, 3 young (3072K), 3 survivors (3072K)
 Metaspace       used 11022K, capacity 11252K, committed 11520K, reserved 1058816K
  class space    used 1130K, capacity 1224K, committed 1280K, reserved 1048576K
}
Event: 0.942 GC heap before
{Heap before GC invocations=1 (full 0):
 garbage-first heap   total 253952K, used 63919K [0x0000000709600000, 0x0000000800000000)
  region size 1024K, 60 young (61440K), 3 survivors (3072K)
 Metaspace       used 20594K, capacity 21152K, committed 21296K, reserved 1069056K
  class space    used 2371K, capacity 2605K, committed 2688K, reserved 1048576K
}
Event: 0.947 GC heap after
{Heap after GC invocations=2 (full 0):
 garbage-first heap   total 253952K, used 9001K [0x0000000709600000, 0x0000000800000000)
  region size 1024K, 6 young (6144K), 6 survivors (6144K)
 Metaspace       used 20594K, capacity 21152K, committed 21296K, reserved 1069056K
  class space    used 2371K, capacity 2605K, committed 2688K, reserved 1048576K
}
Event: 1.467 GC heap before
{Heap before GC invocations=3 (full 0):
 garbage-first heap   total 253952K, used 68393K [0x0000000709600000, 0x0000000800000000)
  region size 1024K, 64 young (65536K), 6 survivors (6144K)
 Metaspace       used 24313K, capacity 25127K, committed 25264K, reserved 1071104K
  class space    used 2913K, capacity 3228K, committed 3328K, reserved 1048576K
}
Event: 1.475 GC heap after
{Heap after GC invocations=4 (full 0):
 garbage-first heap   total 253952K, used 11493K [0x0000000709600000, 0x0000000800000000)
  region size 1024K, 5 young (5120K), 5 survivors (5120K)
 Metaspace       used 24313K, capacity 25127K, committed 25264K, reserved 1071104K
  class space    used 2913K, capacity 3228K, committed 3328K, reserved 1048576K
}
Event: 2.405 GC heap before
{Heap before GC invocations=4 (full 0):
 garbage-first heap   total 253952K, used 101605K [0x0000000709600000, 0x0000000800000000)
  region size 1024K, 94 young (96256K), 5 survivors (5120K)
 Metaspace       used 34756K, capacity 35836K, committed 35920K, reserved 1081344K
  class space    used 4152K, capacity 4577K, committed 4608K, reserved 1048576K
}
Event: 2.416 GC heap after
{Heap after GC invocations=5 (full 0):
 garbage-first heap   total 253952K, used 17488K [0x0000000709600000, 0x0000000800000000)
  region size 1024K, 11 young (11264K), 11 survivors (11264K)
 Metaspace       used 34756K, capacity 35836K, committed 35920K, reserved 1081344K
  class space    used 4152K, capacity 4577K, committed 4608K, reserved 1048576K
}
Event: 3.302 GC heap before
{Heap before GC invocations=6 (full 0):
 garbage-first heap   total 253952K, used 131152K [0x0000000709600000, 0x0000000800000000)
  region size 1024K, 122 young (124928K), 11 survivors (11264K)
 Metaspace       used 47974K, capacity 49271K, committed 49616K, reserved 1091584K
  class space    used 6161K, capacity 6679K, committed 6784K, reserved 1048576K
}
Event: 3.312 GC heap after
{Heap after GC invocations=7 (full 0):
 garbage-first heap   total 305152K, used 20837K [0x0000000709600000, 0x0000000800000000)
  region size 1024K, 10 young (10240K), 10 survivors (10240K)
 Metaspace       used 47974K, capacity 49271K, committed 49616K, reserved 1091584K
  class space    used 6161K, capacity 6679K, committed 6784K, reserved 1048576K
}

Deoptimization events (0 events):
No events

Classes redefined (0 events):
No events

Internal exceptions (10 events):
Event: 2.973 Thread 0x00000287e89b6000 Exception <a 'java/lang/ClassNotFoundException'{0x000000071466e5e8}: org/hibernate/boot/model/relational/ExportableProducerCustomizer> (0x000000071466e5e8) thrown at [./open/src/hotspot/share/classfile/systemDictionary.cpp, line 226]
Event: 2.991 Thread 0x00000287e89b6000 Exception <a 'java/lang/NoSuchMethodError'{0x000000071447cfd8}: java.lang.invoke.DirectMethodHandle$Holder.newInvokeSpecial(Ljava/lang/Object;Ljava/lang/Object;ILjava/lang/Object;Ljava/lang/Object;)Ljava/lang/Object;> (0x000000071447cfd8) thrown at [./ope
Event: 3.272 Thread 0x00000287e89b6000 Exception <a 'java/lang/NoSuchMethodError'{0x000000071172a780}: java.lang.invoke.DirectMethodHandle$Holder.invokeInterface(Ljava/lang/Object;Ljava/lang/Object;)V> (0x000000071172a780) thrown at [./open/src/hotspot/share/interpreter/linkResolver.cpp, line 
Event: 3.280 Thread 0x00000287e89b6000 Exception <a 'java/lang/NoSuchMethodError'{0x0000000711619400}: java.lang.invoke.DirectMethodHandle$Holder.invokeStaticInit(Ljava/lang/Object;Ljava/lang/Object;Ljava/lang/Object;Ljava/lang/Object;II)Ljava/lang/Object;> (0x0000000711619400) thrown at [./op
Event: 3.419 Thread 0x00000287e89b6000 Exception <a 'java/lang/ClassNotFoundException'{0x000000071b313630}: java/lang/ObjectCustomizer> (0x000000071b313630) thrown at [./open/src/hotspot/share/classfile/systemDictionary.cpp, line 226]
Event: 3.420 Thread 0x00000287e89b6000 Exception <a 'java/lang/ClassNotFoundException'{0x000000071b3297e8}: com/mindhub/App/Homebanking/AppHomebankingApplicationCustomizer> (0x000000071b3297e8) thrown at [./open/src/hotspot/share/classfile/systemDictionary.cpp, line 226]
Event: 3.420 Thread 0x00000287e89b6000 Exception <a 'java/lang/ClassNotFoundException'{0x000000071b3436f8}: com/mindhub/App/Homebanking/AppHomebankingApplication$$EnhancerBySpringCGLIB$$13d3a773Customizer> (0x000000071b3436f8) thrown at [./open/src/hotspot/share/classfile/systemDictionary.cpp,
Event: 3.421 Thread 0x00000287e89b6000 Exception <a 'java/lang/ClassNotFoundException'{0x000000071b3622c0}: org/springframework/context/annotation/ConfigurationClassEnhancer$EnhancedConfigurationCustomizer> (0x000000071b3622c0) thrown at [./open/src/hotspot/share/classfile/systemDictionary.cpp
Event: 3.421 Thread 0x00000287e89b6000 Exception <a 'java/lang/ClassNotFoundException'{0x000000071b374c38}: org/springframework/beans/factory/BeanFactoryAwareCustomizer> (0x000000071b374c38) thrown at [./open/src/hotspot/share/classfile/systemDictionary.cpp, line 226]
Event: 3.421 Thread 0x00000287e89b6000 Exception <a 'java/lang/ClassNotFoundException'{0x000000071b387020}: org/springframework/beans/factory/AwareCustomizer> (0x000000071b387020) thrown at [./open/src/hotspot/share/classfile/systemDictionary.cpp, line 226]

Events (10 events):
Event: 3.421 Thread 0x00000287e89b6000 DEOPT PACKING pc=0x00000287f093365c sp=0x000000eced5fddd0
Event: 3.421 Thread 0x00000287e89b6000 DEOPT UNPACKING pc=0x00000287f00bbb5e sp=0x000000eced5fd2a8 mode 1
Event: 3.421 Thread 0x00000287e89b6000 DEOPT PACKING pc=0x00000287f0ddabf4 sp=0x000000eced5fde70
Event: 3.421 Thread 0x00000287e89b6000 DEOPT UNPACKING pc=0x00000287f00bbb5e sp=0x000000eced5fd3c0 mode 1
Event: 3.421 loading class org/springframework/beans/factory/AwareCustomizer
Event: 3.421 loading class org/springframework/beans/factory/AwareCustomizer done
Event: 3.421 Thread 0x00000287e89b6000 DEOPT PACKING pc=0x00000287f0ab0224 sp=0x000000eced5fde80
Event: 3.421 Thread 0x00000287e89b6000 DEOPT UNPACKING pc=0x00000287f00bbb5e sp=0x000000eced5fd350 mode 1
Event: 3.421 Thread 0x00000287e89b6000 DEOPT PACKING pc=0x00000287f0b835a4 sp=0x000000eced5fe2d0
Event: 3.421 Thread 0x00000287e89b6000 DEOPT UNPACKING pc=0x00000287f00bbb5e sp=0x000000eced5fd808 mode 1


Dynamic libraries:
0x00007ff756920000 - 0x00007ff75692f000 	D:\MICA\MINDHUB\bin\java.exe
0x00007ffa67b50000 - 0x00007ffa67d48000 	C:\Windows\SYSTEM32\ntdll.dll
0x00007ffa668c0000 - 0x00007ffa6697f000 	C:\Windows\System32\KERNEL32.DLL
0x00007ffa655a0000 - 0x00007ffa65896000 	C:\Windows\System32\KERNELBASE.dll
0x00007ffa65350000 - 0x00007ffa65450000 	C:\Windows\System32\ucrtbase.dll
0x00007ffa4f0b0000 - 0x00007ffa4f0c5000 	D:\MICA\MINDHUB\bin\VCRUNTIME140.dll
0x00007ffa4f090000 - 0x00007ffa4f0a8000 	D:\MICA\MINDHUB\bin\jli.dll
0x00007ffa679a0000 - 0x00007ffa67a4f000 	C:\Windows\System32\ADVAPI32.dll
0x00007ffa677b0000 - 0x00007ffa6784e000 	C:\Windows\System32\msvcrt.dll
0x00007ffa67360000 - 0x00007ffa673fc000 	C:\Windows\System32\sechost.dll
0x00007ffa675d0000 - 0x00007ffa676f6000 	C:\Windows\System32\RPCRT4.dll
0x00007ffa67400000 - 0x00007ffa6759d000 	C:\Windows\System32\USER32.dll
0x00007ffa65570000 - 0x00007ffa65592000 	C:\Windows\System32\win32u.dll
0x00007ffa646a0000 - 0x00007ffa6493a000 	C:\Windows\WinSxS\amd64_microsoft.windows.common-controls_6595b64144ccf1df_6.0.19041.1110_none_60b5254171f9507e\COMCTL32.dll
0x00007ffa675a0000 - 0x00007ffa675cc000 	C:\Windows\System32\GDI32.dll
0x00007ffa65230000 - 0x00007ffa65345000 	C:\Windows\System32\gdi32full.dll
0x00007ffa65450000 - 0x00007ffa654ed000 	C:\Windows\System32\msvcp_win.dll
0x00007ffa5d800000 - 0x00007ffa5d80a000 	C:\Windows\SYSTEM32\VERSION.dll
0x00007ffa67a50000 - 0x00007ffa67a80000 	C:\Windows\System32\IMM32.DLL
0x00007ffa4e190000 - 0x00007ffa4e22b000 	D:\MICA\MINDHUB\bin\msvcp140.dll
0x00007ffa4d670000 - 0x00007ffa4e18a000 	D:\MICA\MINDHUB\bin\server\jvm.dll
0x00007ffa65d30000 - 0x00007ffa65d38000 	C:\Windows\System32\PSAPI.DLL
0x00007ffa61d80000 - 0x00007ffa61d89000 	C:\Windows\SYSTEM32\WSOCK32.dll
0x00007ffa5a150000 - 0x00007ffa5a177000 	C:\Windows\SYSTEM32\WINMM.dll
0x00007ffa669b0000 - 0x00007ffa66a1b000 	C:\Windows\System32\WS2_32.dll
0x00007ffa62320000 - 0x00007ffa62332000 	C:\Windows\SYSTEM32\kernel.appcore.dll
0x00007ffa5fd90000 - 0x00007ffa5fda0000 	D:\MICA\MINDHUB\bin\verify.dll
0x00007ffa64b50000 - 0x00007ffa64d34000 	C:\Windows\SYSTEM32\DBGHELP.DLL
0x00007ffa64b10000 - 0x00007ffa64b44000 	C:\Windows\SYSTEM32\dbgcore.DLL
0x00007ffa65a00000 - 0x00007ffa65a82000 	C:\Windows\System32\bcryptPrimitives.dll
0x00007ffa4d640000 - 0x00007ffa4d668000 	D:\MICA\MINDHUB\bin\java.dll
0x00007ffa4f7a0000 - 0x00007ffa4f7aa000 	D:\MICA\MINDHUB\bin\jimage.dll
0x00007ffa5a890000 - 0x00007ffa5a8c8000 	D:\MICA\MINDHUB\bin\jdwp.dll
0x00007ffa4d620000 - 0x00007ffa4d636000 	D:\MICA\MINDHUB\bin\zip.dll
0x00007ffa66b50000 - 0x00007ffa67294000 	C:\Windows\System32\SHELL32.dll
0x00007ffa62600000 - 0x00007ffa62d93000 	C:\Windows\SYSTEM32\windows.storage.dll
0x00007ffa65f40000 - 0x00007ffa66294000 	C:\Windows\System32\combase.dll
0x00007ffa64580000 - 0x00007ffa645ae000 	C:\Windows\SYSTEM32\Wldp.dll
0x00007ffa67700000 - 0x00007ffa677ad000 	C:\Windows\System32\SHCORE.dll
0x00007ffa65c70000 - 0x00007ffa65cc5000 	C:\Windows\System32\shlwapi.dll
0x00007ffa65170000 - 0x00007ffa6518f000 	C:\Windows\SYSTEM32\profapi.dll
0x00007ffa602d0000 - 0x00007ffa602da000 	D:\MICA\MINDHUB\bin\dt_socket.dll
0x00007ffa64270000 - 0x00007ffa642da000 	C:\Windows\system32\mswsock.dll
0x00007ffa4d600000 - 0x00007ffa4d619000 	D:\MICA\MINDHUB\bin\net.dll
0x00007ffa5d2a0000 - 0x00007ffa5d3aa000 	C:\Windows\SYSTEM32\WINHTTP.dll
0x00007ffa4d5e0000 - 0x00007ffa4d5f2000 	D:\MICA\MINDHUB\bin\nio.dll
0x00007ffa602b0000 - 0x00007ffa602b9000 	D:\MICA\MINDHUB\bin\management.dll
0x00007ffa602a0000 - 0x00007ffa602ab000 	D:\MICA\MINDHUB\bin\management_ext.dll
0x00007ffa480f0000 - 0x00007ffa48107000 	C:\Windows\system32\napinsp.dll
0x00007ffa455f0000 - 0x00007ffa4560b000 	C:\Windows\system32\pnrpnsp.dll
0x00007ffa49060000 - 0x00007ffa49075000 	C:\Windows\system32\wshbth.dll
0x00007ffa600d0000 - 0x00007ffa600ed000 	C:\Windows\system32\NLAapi.dll
0x00007ffa63f60000 - 0x00007ffa63f9c000 	C:\Windows\SYSTEM32\IPHLPAPI.DLL
0x00007ffa63fa0000 - 0x00007ffa6406a000 	C:\Windows\SYSTEM32\DNSAPI.dll
0x00007ffa66980000 - 0x00007ffa66988000 	C:\Windows\System32\NSI.dll
0x00007ffa38030000 - 0x00007ffa38042000 	C:\Windows\System32\winrnr.dll
0x00007ffa57920000 - 0x00007ffa5792a000 	C:\Windows\System32\rasadhlp.dll
0x00007ffa59a90000 - 0x00007ffa59b12000 	C:\Windows\System32\fwpuclnt.dll
0x00007ffa654f0000 - 0x00007ffa65517000 	C:\Windows\System32\bcrypt.dll
0x00007ffa64ee0000 - 0x00007ffa64ef8000 	C:\Windows\SYSTEM32\CRYPTSP.dll
0x00007ffa63bf0000 - 0x00007ffa63c24000 	C:\Windows\system32\rsaenh.dll
0x00007ffa65130000 - 0x00007ffa6515e000 	C:\Windows\SYSTEM32\USERENV.dll
0x00007ffa644d0000 - 0x00007ffa644dc000 	C:\Windows\SYSTEM32\CRYPTBASE.dll
0x00007ffa5e200000 - 0x00007ffa5e217000 	C:\Windows\SYSTEM32\dhcpcsvc6.DLL
0x00007ffa5e170000 - 0x00007ffa5e18d000 	C:\Windows\SYSTEM32\dhcpcsvc.DLL
0x00007ffa601b0000 - 0x00007ffa601d5000 	D:\MICA\MINDHUB\bin\sunec.dll
0x00007ffa602e0000 - 0x00007ffa602ed000 	D:\MICA\MINDHUB\bin\sunmscapi.dll
0x00007ffa658a0000 - 0x00007ffa659fe000 	C:\Windows\System32\CRYPT32.dll
0x00007ffa64440000 - 0x00007ffa64468000 	C:\Windows\SYSTEM32\ncrypt.dll
0x00007ffa64400000 - 0x00007ffa6443b000 	C:\Windows\SYSTEM32\NTASN1.dll

dbghelp: loaded successfully - version: 4.0.5 - missing functions: none
symbol engine: initialized successfully - sym options: 0x614 - pdb path: .;D:\MICA\MINDHUB\bin;C:\Windows\SYSTEM32;C:\Windows\WinSxS\amd64_microsoft.windows.common-controls_6595b64144ccf1df_6.0.19041.1110_none_60b5254171f9507e;D:\MICA\MINDHUB\bin\server

VM Arguments:
jvm_args: -agentlib:jdwp=transport=dt_socket,server=n,suspend=y,address=127.0.0.1:52689 -Xverify:none -XX:TieredStopAtLevel=1 -Dfile.encoding=windows-1252 -Duser.country=419 -Duser.language=es -Duser.variant 
java_command: com.mindhub.App.Homebanking.AppHomebankingApplication
java_class_path (initial): C:\Users\Lucas\Desktop\App-Homebanking\src\main\resources;C:\Users\Lucas\Desktop\App-Homebanking\build\classes\java\main;C:\Users\Lucas\.gradle\caches\modules-2\files-2.1\org.springframework.data\spring-data-rest-webmvc\3.7.12\7df79bf7a8d3fde032d77a8ec3c8575572a5ed7\spring-data-rest-webmvc-3.7.12.jar;C:\Users\Lucas\.gradle\caches\modules-2\files-2.1\org.springframework.data\spring-data-rest-core\3.7.12\d46a98ba4809756ecccca8da5fa0bc5bdf749698\spring-data-rest-core-3.7.12.jar;C:\Users\Lucas\.gradle\caches\modules-2\files-2.1\com.fasterxml.jackson.core\jackson-annotations\2.13.5\136f77ab424f302c9e27230b4482e8000e142edf\jackson-annotations-2.13.5.jar;C:\Users\Lucas\.gradle\caches\modules-2\files-2.1\com.fasterxml.jackson.datatype\jackson-datatype-jdk8\2.13.5\1278f38160812811c56eb77f67213662ed1c7a2e\jackson-datatype-jdk8-2.13.5.jar;C:\Users\Lucas\.gradle\caches\modules-2\files-2.1\com.fasterxml.jackson.module\jackson-module-parameter-names\2.13.5\a401a99e7a45450fd3ef76e82ba39005fd1a8c22\jackson-module-parameter-names-2.13.5.jar;C:\Users\Lucas\.gradle\caches\modules-2\files-2.1\com.fasterxml.jackson.core\jackson-core\2.13.5\d07c97d3de9ea658caf1ff1809fd9de930a286a\jackson-core-2.13.5.jar;C:\Users\Lucas\.gradle\caches\modules-2\files-2.1\com.fasterxml.jackson.datatype\jackson-datatype-jsr310\2.13.5\8ba3b868e81d7fc6ead686bd2353859b111d9eaf\jackson-datatype-jsr310-2.13.5.jar;C:\Users\Lucas\.gradle\caches\modules-2\files-2.1\com.fasterxml.jackson.core\jackson-databind\2.12.3\d6153f8fc60c479ab0f9efb35c034526436a4953\jackson-databind-2.12.3.jar;C:\Users\Lucas\.gradle\caches\modules-2\files-2.1\com.h2database\h2\2.1.214\d5c2005c9e3279201e12d4776c948578b16bf8b2\h2-2.1.214.jar;C:\Users\Lucas\.gradle\caches\modules-2\files-2.1\jakarta.transaction\jakarta.transaction-api\1.3.3\c4179d48720a1e87202115fbed6089bdc4195405\jakarta.transaction-api-1.3.3.jar;C:\Users\Lucas\.gradle\caches\modules-2\files-2.1\jakarta.persistence\jakarta.persistence-api\2.2.3\8f6ea
Launcher Type: SUN_STANDARD

[Global flags]
     bool BytecodeVerificationLocal                = false                                     {product} {command line}
     bool BytecodeVerificationRemote               = false                                     {product} {command line}
     intx CICompilerCount                          = 4                                         {product} {ergonomic}
     uint ConcGCThreads                            = 3                                         {product} {ergonomic}
     uint G1ConcRefinementThreads                  = 10                                        {product} {ergonomic}
   size_t G1HeapRegionSize                         = 1048576                                   {product} {ergonomic}
    uintx GCDrainStackTargetSize                   = 64                                        {product} {ergonomic}
   size_t InitialHeapSize                          = 260046848                                 {product} {ergonomic}
   size_t MarkStackSize                            = 4194304                                   {product} {ergonomic}
   size_t MaxHeapSize                              = 4137680896                                {product} {ergonomic}
   size_t MaxNewSize                               = 2481979392                                {product} {ergonomic}
   size_t MinHeapDeltaBytes                        = 1048576                                   {product} {ergonomic}
    uintx NonNMethodCodeHeapSize                   = 7549744                                {pd product} {ergonomic}
    uintx NonProfiledCodeHeapSize                  = 244108496                              {pd product} {ergonomic}
    uintx ProfiledCodeHeapSize                     = 0                                      {pd product} {ergonomic}
    uintx ReservedCodeCacheSize                    = 251658240                              {pd product} {ergonomic}
     bool SegmentedCodeCache                       = true                                      {product} {ergonomic}
     intx TieredStopAtLevel                        = 1                                         {product} {command line}
     bool UseCompressedClassPointers               = true                                 {lp64_product} {ergonomic}
     bool UseCompressedOops                        = true                                 {lp64_product} {ergonomic}
     bool UseG1GC                                  = true                                      {product} {ergonomic}
     bool UseLargePagesIndividualAllocation        = false                                  {pd product} {ergonomic}

Logging:
Log output configuration:
 #0: stdout all=warning uptime,level,tags
 #1: stderr all=off uptime,level,tags

Environment Variables:
PATH=D:\MICA\MINDHUB;C:\Windows\system32;C:\Windows;C:\Windows\System32\Wbem;C:\Windows\System32\WindowsPowerShell\v1.0\;C:\Windows\System32\OpenSSH\;D:\MICA\Git\cmd;C:\Users\Lucas\AppData\Local\Microsoft\WindowsApps;;D:\MICA\Microsoft VS Code\bin
USERNAME=Lucas
OS=Windows_NT
PROCESSOR_IDENTIFIER=AMD64 Family 23 Model 96 Stepping 1, AuthenticAMD



---------------  S Y S T E M  ---------------

OS: Windows 10 , 64 bit Build 19041 (10.0.19041.3031)

CPU:total 12 (initial active 12) (12 cores per cpu, 2 threads per core) family 23 model 96 stepping 1 microcode 0x0, cmov, cx8, fxsr, mmx, sse, sse2, sse3, ssse3, sse4.1, sse4.2, popcnt, avx, avx2, aes, clmul, mmxext, 3dnowpref, lzcnt, sse4a, ht, tsc, tscinvbit, tscinv, bmi1, bmi2, adx, 

Memory: 4k page, system-wide physical 15777M (6893M free)
TotalPageFile size 21153M (AvailPageFile size 6306M)
current process WorkingSet (physical memory assigned to process): 271M, peak: 271M
current process commit charge ("private bytes"): 461M, peak: 461M

vm_info: Java HotSpot(TM) 64-Bit Server VM (11.0.17+10-LTS-269) for windows-amd64 JRE (11.0.17+10-LTS-269), built on Sep 13 2022 19:26:37 by "mach5one" with MS VC++ 15.9 (VS2017)

END.
